c:\users\asus\downloads\database\debug\vc142.pdb
c:\users\asus\downloads\database\debug\vc142.idb
c:\users\asus\downloads\database\debug\table.obj
c:\users\asus\downloads\database\debug\main.obj
c:\users\asus\downloads\database\debug\field.obj
c:\users\asus\downloads\database\debug\database.obj
c:\users\asus\downloads\database\debug\database.ilk
c:\users\asus\downloads\database\debug\database.exe
c:\users\asus\downloads\database\debug\database.pdb
d:\github\simple-database-cplusplus\database\debug\database.obj
d:\github\simple-database-cplusplus\database\debug\field.obj
d:\github\simple-database-cplusplus\database\debug\main.obj
d:\github\simple-database-cplusplus\database\debug\table.obj
d:\github\simple-database-cplusplus\database\debug\database.ilk
d:\github\simple-database-cplusplus\database\debug\vc142.idb
d:\github\simple-database-cplusplus\database\debug\database.pdb
d:\github\simple-database-cplusplus\database\debug\vc142.pdb
d:\github\simple-database-cplusplus\database\debug\database.exe
d:\github\simple-database-cplusplus\database\debug\database.tlog\cl.command.1.tlog
d:\github\simple-database-cplusplus\database\debug\database.tlog\cl.read.1.tlog
d:\github\simple-database-cplusplus\database\debug\database.tlog\cl.write.1.tlog
d:\github\simple-database-cplusplus\database\debug\database.tlog\link.command.1.tlog
d:\github\simple-database-cplusplus\database\debug\database.tlog\link.read.1.tlog
d:\github\simple-database-cplusplus\database\debug\database.tlog\link.write.1.tlog
